<?xml version="1.0" encoding="UTF-8"?>
<testsuite name="mainTest" tests="1" skipped="0" failures="0" errors="0" timestamp="2023-03-01T22:02:45" hostname="PAGAO" time="0.091">
  <properties/>
  <testcase name="Cenarios da portaria" classname="mainTest" time="0.091"/>
  <system-out><![CDATA[]]></system-out>
  <system-err><![CDATA[]]></system-err>
</testsuite>
